<?xml version="1.0" encoding="UTF-8"?>
<testsuite xmlns:xsi="http://www.w3.org/2001/XMLSchema-instance" xsi:noNamespaceSchemaLocation="https://maven.apache.org/surefire/maven-surefire-plugin/xsd/surefire-test-report-3.0.xsd" version="3.0" name="tests.TaskManagerTest" time="8.505" tests="6" errors="0" skipped="0" failures="0">
  <properties>
[...]
</properties>
  <testcase name="verifyAddTaskFlow" classname="tests.TaskManagerTest" time="1.094"/>
  <testcase name="verifySearchTask" classname="tests.TaskManagerTest" time="0.975"/>
  <testcase name="verifyDeleteAllTasks" classname="tests.TaskManagerTest" time="1.343"/>
  <testcase name="verifyNavigationToTasksPage" classname="tests.TaskManagerTest" time="0.296"/>
  <testcase name="verifyFilterCompleted" classname="tests.TaskManagerTest" time="2.312"/>
  <testcase name="verifyHomePageLoads" classname="tests.TaskManagerTest" time="0.272"/>
</testsuite>